D:\2--DEMBODY\GIT_REPOSITORY\TOOL\MESH\POLYHEDRONGRAVITY\POLYHEDRONGRAVITY\RELEASE\POINTS.OBJ
D:\2--DEMBODY\GIT_REPOSITORY\TOOL\MESH\POLYHEDRONGRAVITY\POLYHEDRONGRAVITY\RELEASE\MAT3D.OBJ
D:\2--DEMBODY\GIT_REPOSITORY\TOOL\MESH\POLYHEDRONGRAVITY\POLYHEDRONGRAVITY\RELEASE\MAIN.OBJ
D:\2--DEMBODY\GIT_REPOSITORY\TOOL\MESH\POLYHEDRONGRAVITY\POLYHEDRONGRAVITY\RELEASE\KINEMATICS.OBJ
D:\2--DEMBODY\GIT_REPOSITORY\TOOL\MESH\POLYHEDRONGRAVITY\POLYHEDRONGRAVITY\RELEASE\GRAVITY.OBJ
D:\2--DEMBODY\GIT_REPOSITORY\TOOL\MESH\POLYHEDRONGRAVITY\POLYHEDRONGRAVITY\RELEASE\BODY.OBJ
D:\2--DEMBODY\GIT_REPOSITORY\TOOL\MESH\POLYHEDRONGRAVITY\POLYHEDRONGRAVITY\RELEASE\VC110.PDB
D:\2--DEMBODY\GIT_REPOSITORY\TOOL\MESH\POLYHEDRONGRAVITY\RELEASE\POLYHEDRONGRAVITY.EXE
D:\2--DEMBODY\GIT_REPOSITORY\TOOL\MESH\POLYHEDRONGRAVITY\RELEASE\POLYHEDRONGRAVITY.PDB
D:\2--DEMBody\git_repository\tool\mesh\PolyhedronGravity\PolyhedronGravity\Release\body.obj
D:\2--DEMBody\git_repository\tool\mesh\PolyhedronGravity\PolyhedronGravity\Release\gravity.obj
D:\2--DEMBody\git_repository\tool\mesh\PolyhedronGravity\PolyhedronGravity\Release\kinematics.obj
D:\2--DEMBody\git_repository\tool\mesh\PolyhedronGravity\PolyhedronGravity\Release\main.obj
D:\2--DEMBody\git_repository\tool\mesh\PolyhedronGravity\PolyhedronGravity\Release\mat3d.obj
D:\2--DEMBody\git_repository\tool\mesh\PolyhedronGravity\PolyhedronGravity\Release\points.obj
D:\2--DEMBody\git_repository\tool\mesh\PolyhedronGravity\PolyhedronGravity\Release\cl.command.1.tlog
D:\2--DEMBody\git_repository\tool\mesh\PolyhedronGravity\PolyhedronGravity\Release\CL.read.1.tlog
D:\2--DEMBody\git_repository\tool\mesh\PolyhedronGravity\PolyhedronGravity\Release\CL.write.1.tlog
D:\2--DEMBody\git_repository\tool\mesh\PolyhedronGravity\PolyhedronGravity\Release\link-cvtres.read.1.tlog
D:\2--DEMBody\git_repository\tool\mesh\PolyhedronGravity\PolyhedronGravity\Release\link-cvtres.write.1.tlog
D:\2--DEMBody\git_repository\tool\mesh\PolyhedronGravity\PolyhedronGravity\Release\link-rc.read.1.tlog
D:\2--DEMBody\git_repository\tool\mesh\PolyhedronGravity\PolyhedronGravity\Release\link-rc.write.1.tlog
D:\2--DEMBody\git_repository\tool\mesh\PolyhedronGravity\PolyhedronGravity\Release\link.command.1.tlog
D:\2--DEMBody\git_repository\tool\mesh\PolyhedronGravity\PolyhedronGravity\Release\link.read.1.tlog
D:\2--DEMBody\git_repository\tool\mesh\PolyhedronGravity\PolyhedronGravity\Release\link.write.1.tlog
D:\2--DEMBody\git_repository\tool\mesh\PolyhedronGravity\PolyhedronGravity\Release\vc110.pdb
D:\2--DEMBody\git_repository\tool\mesh\PolyhedronGravity\Release\PolyhedronGravity.pdb
D:\2--DEMBody\git_repository\tool\mesh\PolyhedronGravity\Release\PolyhedronGravity.exe
