生成启动时间为 2018/11/1 9:13:18。
     1>项目“D:\2--DEMBody\git_repository\tool\mesh\PolyhedronGravity\PolyhedronGravity\PolyhedronGravity.vcxproj”在节点 2 上(Rebuild 个目标)。
     1>ClCompile:
         E:\tool\Microsoft Visual Studio 11.0\VC\bin\CL.exe /c /Zi /nologo /W3 /WX- /O2 /Oi /Oy- /GL /D WIN32 /D NDEBUG /D _CONSOLE /D _UNICODE /D UNICODE /Gm- /EHsc /MD /GS /Gy /fp:precise /Zc:wchar_t /Zc:forScope /Fo"Release\\" /Fd"Release\vc110.pdb" /Gd /TP /analyze- /errorReport:prompt body.cpp gravity.cpp kinematics.cpp main.cpp mat3d.cpp points.cpp
         body.cpp
     1>body.cpp(13): warning C4996: 'fopen': This function or variable may be unsafe. Consider using fopen_s instead. To disable deprecation, use _CRT_SECURE_NO_WARNINGS. See online help for details.
                 E:\tool\Microsoft Visual Studio 11.0\VC\include\stdio.h(218) : 参见“fopen”的声明
     1>body.cpp(16): warning C4996: 'fscanf': This function or variable may be unsafe. Consider using fscanf_s instead. To disable deprecation, use _CRT_SECURE_NO_WARNINGS. See online help for details.
                 E:\tool\Microsoft Visual Studio 11.0\VC\include\stdio.h(237) : 参见“fscanf”的声明
     1>body.cpp(17): warning C4996: 'fscanf': This function or variable may be unsafe. Consider using fscanf_s instead. To disable deprecation, use _CRT_SECURE_NO_WARNINGS. See online help for details.
                 E:\tool\Microsoft Visual Studio 11.0\VC\include\stdio.h(237) : 参见“fscanf”的声明
     1>body.cpp(19): warning C4996: 'fscanf': This function or variable may be unsafe. Consider using fscanf_s instead. To disable deprecation, use _CRT_SECURE_NO_WARNINGS. See online help for details.
                 E:\tool\Microsoft Visual Studio 11.0\VC\include\stdio.h(237) : 参见“fscanf”的声明
     1>body.cpp(20): warning C4996: 'fscanf': This function or variable may be unsafe. Consider using fscanf_s instead. To disable deprecation, use _CRT_SECURE_NO_WARNINGS. See online help for details.
                 E:\tool\Microsoft Visual Studio 11.0\VC\include\stdio.h(237) : 参见“fscanf”的声明
     1>body.cpp(21): warning C4996: 'fscanf': This function or variable may be unsafe. Consider using fscanf_s instead. To disable deprecation, use _CRT_SECURE_NO_WARNINGS. See online help for details.
                 E:\tool\Microsoft Visual Studio 11.0\VC\include\stdio.h(237) : 参见“fscanf”的声明
     1>body.cpp(23): warning C4996: 'fscanf': This function or variable may be unsafe. Consider using fscanf_s instead. To disable deprecation, use _CRT_SECURE_NO_WARNINGS. See online help for details.
                 E:\tool\Microsoft Visual Studio 11.0\VC\include\stdio.h(237) : 参见“fscanf”的声明
     1>body.cpp(27): warning C4996: 'fscanf': This function or variable may be unsafe. Consider using fscanf_s instead. To disable deprecation, use _CRT_SECURE_NO_WARNINGS. See online help for details.
                 E:\tool\Microsoft Visual Studio 11.0\VC\include\stdio.h(237) : 参见“fscanf”的声明
     1>body.cpp(30): warning C4996: 'fscanf': This function or variable may be unsafe. Consider using fscanf_s instead. To disable deprecation, use _CRT_SECURE_NO_WARNINGS. See online help for details.
                 E:\tool\Microsoft Visual Studio 11.0\VC\include\stdio.h(237) : 参见“fscanf”的声明
     1>body.cpp(35): warning C4996: 'fscanf': This function or variable may be unsafe. Consider using fscanf_s instead. To disable deprecation, use _CRT_SECURE_NO_WARNINGS. See online help for details.
                 E:\tool\Microsoft Visual Studio 11.0\VC\include\stdio.h(237) : 参见“fscanf”的声明
         gravity.cpp
         kinematics.cpp
         main.cpp
     1>main.cpp(29): warning C4996: 'setbuf': This function or variable may be unsafe. Consider using setvbuf instead. To disable deprecation, use _CRT_SECURE_NO_WARNINGS. See online help for details.
                 E:\tool\Microsoft Visual Studio 11.0\VC\include\stdio.h(299) : 参见“setbuf”的声明
         mat3d.cpp
         points.cpp
     1>points.cpp(13): warning C4996: 'fopen': This function or variable may be unsafe. Consider using fopen_s instead. To disable deprecation, use _CRT_SECURE_NO_WARNINGS. See online help for details.
                 E:\tool\Microsoft Visual Studio 11.0\VC\include\stdio.h(218) : 参见“fopen”的声明
     1>points.cpp(14): warning C4551: 缺少参数列表的函数调用
     1>points.cpp(16): warning C4996: 'fscanf': This function or variable may be unsafe. Consider using fscanf_s instead. To disable deprecation, use _CRT_SECURE_NO_WARNINGS. See online help for details.
                 E:\tool\Microsoft Visual Studio 11.0\VC\include\stdio.h(237) : 参见“fscanf”的声明
     1>points.cpp(20): warning C4996: 'fscanf': This function or variable may be unsafe. Consider using fscanf_s instead. To disable deprecation, use _CRT_SECURE_NO_WARNINGS. See online help for details.
                 E:\tool\Microsoft Visual Studio 11.0\VC\include\stdio.h(237) : 参见“fscanf”的声明
     1>points.cpp(44): warning C4101: “infile”: 未引用的局部变量
       Link:
         E:\tool\Microsoft Visual Studio 11.0\VC\bin\link.exe /ERRORREPORT:PROMPT /OUT:"D:\2--DEMBody\git_repository\tool\mesh\PolyhedronGravity\Release\PolyhedronGravity.exe" /INCREMENTAL:NO /NOLOGO kernel32.lib user32.lib gdi32.lib winspool.lib comdlg32.lib advapi32.lib shell32.lib ole32.lib oleaut32.lib uuid.lib odbc32.lib odbccp32.lib /MANIFEST /MANIFESTUAC:"level='asInvoker' uiAccess='false'" /manifest:embed /DEBUG /PDB:"D:\2--DEMBody\git_repository\tool\mesh\PolyhedronGravity\Release\PolyhedronGravity.pdb" /SUBSYSTEM:CONSOLE /OPT:REF /OPT:ICF /LTCG /TLBID:1 /DYNAMICBASE /NXCOMPAT /IMPLIB:"D:\2--DEMBody\git_repository\tool\mesh\PolyhedronGravity\Release\PolyhedronGravity.lib" /MACHINE:X86 /SAFESEH Release\body.obj
         Release\gravity.obj
         Release\kinematics.obj
         Release\main.obj
         Release\mat3d.obj
         Release\points.obj
         正在生成代码
         已完成代码的生成
         PolyhedronGravity.vcxproj -> D:\2--DEMBody\git_repository\tool\mesh\PolyhedronGravity\Release\PolyhedronGravity.exe
     1>已完成生成项目“D:\2--DEMBody\git_repository\tool\mesh\PolyhedronGravity\PolyhedronGravity\PolyhedronGravity.vcxproj”(Rebuild 个目标)的操作。

生成成功。

已用时间 00:00:01.92
