D:\2--DEMBODY\GIT_REPOSITORY\TOOL\MESH\POLYHEDRONGRAVITY\POLYHEDRONGRAVITY\DEBUG\BODY.OBJ
D:\2--DEMBODY\GIT_REPOSITORY\TOOL\MESH\POLYHEDRONGRAVITY\POLYHEDRONGRAVITY\DEBUG\GRAVITY.OBJ
D:\2--DEMBODY\GIT_REPOSITORY\TOOL\MESH\POLYHEDRONGRAVITY\POLYHEDRONGRAVITY\DEBUG\KINEMATICS.OBJ
D:\2--DEMBODY\GIT_REPOSITORY\TOOL\MESH\POLYHEDRONGRAVITY\POLYHEDRONGRAVITY\DEBUG\MAIN.OBJ
D:\2--DEMBODY\GIT_REPOSITORY\TOOL\MESH\POLYHEDRONGRAVITY\POLYHEDRONGRAVITY\DEBUG\MAT3D.OBJ
D:\2--DEMBODY\GIT_REPOSITORY\TOOL\MESH\POLYHEDRONGRAVITY\POLYHEDRONGRAVITY\DEBUG\POINTS.OBJ
D:\2--DEMBODY\GIT_REPOSITORY\TOOL\MESH\POLYHEDRONGRAVITY\POLYHEDRONGRAVITY\DEBUG\VC110.PDB
D:\2--DEMBODY\GIT_REPOSITORY\TOOL\MESH\POLYHEDRONGRAVITY\DEBUG\POLYHEDRONGRAVITY.ILK
D:\2--DEMBODY\GIT_REPOSITORY\TOOL\MESH\POLYHEDRONGRAVITY\DEBUG\POLYHEDRONGRAVITY.EXE
D:\2--DEMBODY\GIT_REPOSITORY\TOOL\MESH\POLYHEDRONGRAVITY\DEBUG\POLYHEDRONGRAVITY.PDB
D:\2--DEMBody\git_repository\tool\mesh\PolyhedronGravity\PolyhedronGravity\Debug\body.obj
D:\2--DEMBody\git_repository\tool\mesh\PolyhedronGravity\PolyhedronGravity\Debug\gravity.obj
D:\2--DEMBody\git_repository\tool\mesh\PolyhedronGravity\PolyhedronGravity\Debug\kinematics.obj
D:\2--DEMBody\git_repository\tool\mesh\PolyhedronGravity\PolyhedronGravity\Debug\main.obj
D:\2--DEMBody\git_repository\tool\mesh\PolyhedronGravity\PolyhedronGravity\Debug\mat3d.obj
D:\2--DEMBody\git_repository\tool\mesh\PolyhedronGravity\PolyhedronGravity\Debug\points.obj
D:\2--DEMBody\git_repository\tool\mesh\PolyhedronGravity\PolyhedronGravity\Debug\cl.command.1.tlog
D:\2--DEMBody\git_repository\tool\mesh\PolyhedronGravity\PolyhedronGravity\Debug\CL.read.1.tlog
D:\2--DEMBody\git_repository\tool\mesh\PolyhedronGravity\PolyhedronGravity\Debug\CL.write.1.tlog
D:\2--DEMBody\git_repository\tool\mesh\PolyhedronGravity\PolyhedronGravity\Debug\link-cvtres.read.1.tlog
D:\2--DEMBody\git_repository\tool\mesh\PolyhedronGravity\PolyhedronGravity\Debug\link-cvtres.write.1.tlog
D:\2--DEMBody\git_repository\tool\mesh\PolyhedronGravity\PolyhedronGravity\Debug\link-rc.read.1.tlog
D:\2--DEMBody\git_repository\tool\mesh\PolyhedronGravity\PolyhedronGravity\Debug\link-rc.write.1.tlog
D:\2--DEMBody\git_repository\tool\mesh\PolyhedronGravity\PolyhedronGravity\Debug\link.command.1.tlog
D:\2--DEMBody\git_repository\tool\mesh\PolyhedronGravity\PolyhedronGravity\Debug\link.read.1.tlog
D:\2--DEMBody\git_repository\tool\mesh\PolyhedronGravity\PolyhedronGravity\Debug\link.write.1.tlog
D:\2--DEMBody\git_repository\tool\mesh\PolyhedronGravity\PolyhedronGravity\Debug\vc110.idb
D:\2--DEMBody\git_repository\tool\mesh\PolyhedronGravity\PolyhedronGravity\Debug\vc110.pdb
D:\2--DEMBody\git_repository\tool\mesh\PolyhedronGravity\Debug\PolyhedronGravity.pdb
D:\2--DEMBody\git_repository\tool\mesh\PolyhedronGravity\Debug\PolyhedronGravity.exe
D:\2--DEMBody\git_repository\tool\mesh\PolyhedronGravity\Debug\PolyhedronGravity.ilk
