D:\2--DEMTOOL\GIT_REPOSITORY\MESH\POLYHEDRON\POLYHEDRON\DEBUG\EXPORTATION.OBJ
D:\2--DEMTOOL\GIT_REPOSITORY\MESH\POLYHEDRON\POLYHEDRON\DEBUG\JACOBI_EIGEN.OBJ
D:\2--DEMTOOL\GIT_REPOSITORY\MESH\POLYHEDRON\POLYHEDRON\DEBUG\MAIN.OBJ
D:\2--DEMTOOL\GIT_REPOSITORY\MESH\POLYHEDRON\POLYHEDRON\DEBUG\MAT3D.OBJ
D:\2--DEMTOOL\GIT_REPOSITORY\MESH\POLYHEDRON\POLYHEDRON\DEBUG\MESH.OBJ
D:\2--DEMTOOL\GIT_REPOSITORY\MESH\POLYHEDRON\POLYHEDRON\DEBUG\POLYNORM.OBJ
D:\2--DEMTOOL\GIT_REPOSITORY\MESH\POLYHEDRON\POLYHEDRON\DEBUG\VOLINT.OBJ
D:\2--DEMTOOL\GIT_REPOSITORY\MESH\POLYHEDRON\POLYHEDRON\DEBUG\VC110.PDB
D:\2--DEMTOOL\GIT_REPOSITORY\MESH\POLYHEDRON\DEBUG\POLYHEDRON.ILK
D:\2--DEMTOOL\GIT_REPOSITORY\MESH\POLYHEDRON\DEBUG\POLYHEDRON.EXE
D:\2--DEMTOOL\GIT_REPOSITORY\MESH\POLYHEDRON\DEBUG\POLYHEDRON.PDB
D:\2--DEMTool\git_repository\mesh\Polyhedron\Polyhedron\Debug\exportation.obj
D:\2--DEMTool\git_repository\mesh\Polyhedron\Polyhedron\Debug\jacobi_eigen.obj
D:\2--DEMTool\git_repository\mesh\Polyhedron\Polyhedron\Debug\main.obj
D:\2--DEMTool\git_repository\mesh\Polyhedron\Polyhedron\Debug\mat3d.obj
D:\2--DEMTool\git_repository\mesh\Polyhedron\Polyhedron\Debug\mesh.obj
D:\2--DEMTool\git_repository\mesh\Polyhedron\Polyhedron\Debug\polynorm.obj
D:\2--DEMTool\git_repository\mesh\Polyhedron\Polyhedron\Debug\volint.obj
D:\2--DEMTool\git_repository\mesh\Polyhedron\Polyhedron\Debug\cl.command.1.tlog
D:\2--DEMTool\git_repository\mesh\Polyhedron\Polyhedron\Debug\CL.read.1.tlog
D:\2--DEMTool\git_repository\mesh\Polyhedron\Polyhedron\Debug\CL.write.1.tlog
D:\2--DEMTool\git_repository\mesh\Polyhedron\Polyhedron\Debug\link-cvtres.read.1.tlog
D:\2--DEMTool\git_repository\mesh\Polyhedron\Polyhedron\Debug\link-cvtres.write.1.tlog
D:\2--DEMTool\git_repository\mesh\Polyhedron\Polyhedron\Debug\link-rc.read.1.tlog
D:\2--DEMTool\git_repository\mesh\Polyhedron\Polyhedron\Debug\link-rc.write.1.tlog
D:\2--DEMTool\git_repository\mesh\Polyhedron\Polyhedron\Debug\link.command.1.tlog
D:\2--DEMTool\git_repository\mesh\Polyhedron\Polyhedron\Debug\link.read.1.tlog
D:\2--DEMTool\git_repository\mesh\Polyhedron\Polyhedron\Debug\link.write.1.tlog
D:\2--DEMTool\git_repository\mesh\Polyhedron\Polyhedron\Debug\vc110.idb
D:\2--DEMTool\git_repository\mesh\Polyhedron\Polyhedron\Debug\vc110.pdb
D:\2--DEMTool\git_repository\mesh\Polyhedron\Debug\Polyhedron.pdb
D:\2--DEMTool\git_repository\mesh\Polyhedron\Debug\Polyhedron.exe
D:\2--DEMTool\git_repository\mesh\Polyhedron\Debug\Polyhedron.ilk
