生成启动时间为 2019/5/24 16:47:11。
     1>项目“D:\2--DEMTool\git_repository\mesh\Polyhedron\Polyhedron\Polyhedron.vcxproj”在节点 2 上(Rebuild 个目标)。
     1>ClCompile:
         E:\tool\Microsoft Visual Studio 11.0\VC\bin\CL.exe /c /ZI /nologo /W3 /WX- /Od /Oy- /D WIN32 /D _DEBUG /D _CONSOLE /D _UNICODE /D UNICODE /Gm /EHsc /RTC1 /MDd /GS /fp:precise /Zc:wchar_t /Zc:forScope /Fo"Debug\\" /Fd"Debug\vc110.pdb" /Gd /TP /analyze- /errorReport:prompt exportation.cpp jacobi_eigen.cpp main.cpp mat3d.cpp mesh.cpp polynorm.cpp volint.cpp
         volint.cpp
         polynorm.cpp
         mesh.cpp
     1>d:\2--demtool\git_repository\mesh\polyhedron\polyhedron\mesh.cpp(23): warning C4996: 'fopen': This function or variable may be unsafe. Consider using fopen_s instead. To disable deprecation, use _CRT_SECURE_NO_WARNINGS. See online help for details.
                 e:\tool\microsoft visual studio 11.0\vc\include\stdio.h(218) : 参见“fopen”的声明
     1>d:\2--demtool\git_repository\mesh\polyhedron\polyhedron\mesh.cpp(24): warning C4996: 'fscanf': This function or variable may be unsafe. Consider using fscanf_s instead. To disable deprecation, use _CRT_SECURE_NO_WARNINGS. See online help for details.
                 e:\tool\microsoft visual studio 11.0\vc\include\stdio.h(237) : 参见“fscanf”的声明
     1>d:\2--demtool\git_repository\mesh\polyhedron\polyhedron\mesh.cpp(30): warning C4996: 'fscanf': This function or variable may be unsafe. Consider using fscanf_s instead. To disable deprecation, use _CRT_SECURE_NO_WARNINGS. See online help for details.
                 e:\tool\microsoft visual studio 11.0\vc\include\stdio.h(237) : 参见“fscanf”的声明
     1>d:\2--demtool\git_repository\mesh\polyhedron\polyhedron\mesh.cpp(34): warning C4996: 'fscanf': This function or variable may be unsafe. Consider using fscanf_s instead. To disable deprecation, use _CRT_SECURE_NO_WARNINGS. See online help for details.
                 e:\tool\microsoft visual studio 11.0\vc\include\stdio.h(237) : 参见“fscanf”的声明
     1>d:\2--demtool\git_repository\mesh\polyhedron\polyhedron\mesh.cpp(20): warning C4101: “n1”: 未引用的局部变量
     1>d:\2--demtool\git_repository\mesh\polyhedron\polyhedron\mesh.cpp(20): warning C4101: “n2”: 未引用的局部变量
     1>d:\2--demtool\git_repository\mesh\polyhedron\polyhedron\mesh.cpp(97): warning C4101: “nap”: 未引用的局部变量
         mat3d.cpp
         main.cpp
     1>d:\2--demtool\git_repository\mesh\polyhedron\polyhedron\main.cpp(30): warning C4996: 'setbuf': This function or variable may be unsafe. Consider using setvbuf instead. To disable deprecation, use _CRT_SECURE_NO_WARNINGS. See online help for details.
                 e:\tool\microsoft visual studio 11.0\vc\include\stdio.h(299) : 参见“setbuf”的声明
         jacobi_eigen.cpp
     1>d:\2--demtool\git_repository\mesh\polyhedron\polyhedron\jacobi_eigen.cpp(765): warning C4996: 'localtime': This function or variable may be unsafe. Consider using localtime_s instead. To disable deprecation, use _CRT_SECURE_NO_WARNINGS. See online help for details.
                 e:\tool\microsoft visual studio 11.0\vc\include\time.inl(112) : 参见“localtime”的声明
         exportation.cpp
         正在生成代码...
       Link:
         E:\tool\Microsoft Visual Studio 11.0\VC\bin\link.exe /ERRORREPORT:PROMPT /OUT:"D:\2--DEMTool\git_repository\mesh\Polyhedron\Debug\Polyhedron.exe" /INCREMENTAL /NOLOGO kernel32.lib user32.lib gdi32.lib winspool.lib comdlg32.lib advapi32.lib shell32.lib ole32.lib oleaut32.lib uuid.lib odbc32.lib odbccp32.lib /MANIFEST /MANIFESTUAC:"level='asInvoker' uiAccess='false'" /manifest:embed /DEBUG /PDB:"D:\2--DEMTool\git_repository\mesh\Polyhedron\Debug\Polyhedron.pdb" /SUBSYSTEM:CONSOLE /TLBID:1 /DYNAMICBASE /NXCOMPAT /IMPLIB:"D:\2--DEMTool\git_repository\mesh\Polyhedron\Debug\Polyhedron.lib" /MACHINE:X86 Debug\exportation.obj
         Debug\jacobi_eigen.obj
         Debug\main.obj
         Debug\mat3d.obj
         Debug\mesh.obj
         Debug\polynorm.obj
         Debug\volint.obj
         Polyhedron.vcxproj -> D:\2--DEMTool\git_repository\mesh\Polyhedron\Debug\Polyhedron.exe
     1>已完成生成项目“D:\2--DEMTool\git_repository\mesh\Polyhedron\Polyhedron\Polyhedron.vcxproj”(Rebuild 个目标)的操作。

生成成功。

已用时间 00:00:02.42
