C:\USERS\CHENGBIN\DESKTOP\POLYHEDRON\POLYHEDRON\DEBUG\EXPORTATION.OBJ
C:\USERS\CHENGBIN\DESKTOP\POLYHEDRON\POLYHEDRON\DEBUG\JACOBI_EIGEN.OBJ
C:\USERS\CHENGBIN\DESKTOP\POLYHEDRON\POLYHEDRON\DEBUG\MAIN.OBJ
C:\USERS\CHENGBIN\DESKTOP\POLYHEDRON\POLYHEDRON\DEBUG\MAT3D.OBJ
C:\USERS\CHENGBIN\DESKTOP\POLYHEDRON\POLYHEDRON\DEBUG\MESH.OBJ
C:\USERS\CHENGBIN\DESKTOP\POLYHEDRON\POLYHEDRON\DEBUG\POLYNORM.OBJ
C:\USERS\CHENGBIN\DESKTOP\POLYHEDRON\POLYHEDRON\DEBUG\VOLINT.OBJ
C:\USERS\CHENGBIN\DESKTOP\POLYHEDRON\POLYHEDRON\DEBUG\VC110.PDB
C:\USERS\CHENGBIN\DESKTOP\POLYHEDRON\DEBUG\POLYHEDRON.ILK
C:\USERS\CHENGBIN\DESKTOP\POLYHEDRON\DEBUG\POLYHEDRON.EXE
C:\USERS\CHENGBIN\DESKTOP\POLYHEDRON\DEBUG\POLYHEDRON.PDB
C:\Users\chengbin\Desktop\Polyhedron\Polyhedron\Debug\exportation.obj
C:\Users\chengbin\Desktop\Polyhedron\Polyhedron\Debug\jacobi_eigen.obj
C:\Users\chengbin\Desktop\Polyhedron\Polyhedron\Debug\main.obj
C:\Users\chengbin\Desktop\Polyhedron\Polyhedron\Debug\mat3d.obj
C:\Users\chengbin\Desktop\Polyhedron\Polyhedron\Debug\mesh.obj
C:\Users\chengbin\Desktop\Polyhedron\Polyhedron\Debug\polynorm.obj
C:\Users\chengbin\Desktop\Polyhedron\Polyhedron\Debug\volint.obj
C:\Users\chengbin\Desktop\Polyhedron\Polyhedron\Debug\cl.command.1.tlog
C:\Users\chengbin\Desktop\Polyhedron\Polyhedron\Debug\CL.read.1.tlog
C:\Users\chengbin\Desktop\Polyhedron\Polyhedron\Debug\CL.write.1.tlog
C:\Users\chengbin\Desktop\Polyhedron\Polyhedron\Debug\link-cvtres.read.1.tlog
C:\Users\chengbin\Desktop\Polyhedron\Polyhedron\Debug\link-cvtres.write.1.tlog
C:\Users\chengbin\Desktop\Polyhedron\Polyhedron\Debug\link-rc.read.1.tlog
C:\Users\chengbin\Desktop\Polyhedron\Polyhedron\Debug\link-rc.write.1.tlog
C:\Users\chengbin\Desktop\Polyhedron\Polyhedron\Debug\link.command.1.tlog
C:\Users\chengbin\Desktop\Polyhedron\Polyhedron\Debug\link.read.1.tlog
C:\Users\chengbin\Desktop\Polyhedron\Polyhedron\Debug\link.write.1.tlog
C:\Users\chengbin\Desktop\Polyhedron\Polyhedron\Debug\vc110.idb
C:\Users\chengbin\Desktop\Polyhedron\Polyhedron\Debug\vc110.pdb
